* 0.111743:*:cli:run!: doom 
* 0.111870:*:cli:context-parse: found command (doom)
* 0.112205:*:cli:context-execute: doom
Error: a subcommand is required
* 0.112859:*:cli:call: (doom) -> (:help --subcommands --postamble)
* 0.113001:*:cli:context-parse: found command (:help)
* 0.113269:*:cli:context-parse: found switch "--subcommands"
* 0.113619:*:cli:context-parse: found switch "--postamble"
* 0.113952:*:cli:context-execute: :help
* 0.114270:*:cli:execute: (:before) ((input) (context . #s(doom-cli-context (26108 8926 556152 356000) 40645 0 (102 . 23) nil nil doom nil (doom-cli-command-not-found-error doom) (:help) nil nil ((--postamble) (--envvars) (--similar) (--subcommands) (--synopsis --subcommands --postamble) (--commands) (--manpage) (--no-global) (-g) (--eval) (-E) (--strict-load) (--load) (-L) (--color) (--benchmark) (--profile) (--pager) (--emacsdir) (--doomdir) (--verbose) (-v) (--debug) (-D) (--force) (-!)) ((t) (nil --subcommands --postamble))  *doom-cli stdin*  *doom-cli stdout*  *doom-cli stderr* nil)) (_) (evals) (loads) (color?) (bench?) (profile) (pager) (emacsdir) (doomdir) (verbose?) (debug?) (force?))
* 0.114359:*:cli:execute: (:help) ((context . #s(doom-cli-context (26108 8926 556152 356000) 40645 0 (102 . 23) nil nil doom nil (doom-cli-command-not-found-error doom) (:help) nil nil ((--postamble) (--envvars) (--similar) (--subcommands) (--synopsis --subcommands --postamble) (--commands) (--manpage) (--no-global) (-g) (--eval) (-E) (--strict-load) (--load) (-L) (--color) (--benchmark) (--profile) (--pager) (--emacsdir) (--doomdir) (--verbose) (-v) (--debug) (-D) (--force) (-!)) ((t) (nil --subcommands --postamble))  *doom-cli stdin*  *doom-cli stdout*  *doom-cli stderr* nil)) (command) (sections --subcommands --postamble) (commands?) (manpage?) (localonly?))
* 0.114445:*:cli:load: autoload /home/emil2/.config/emacs/lisp/cli/run.el
* 0.114490:*:cli:load: ~/.config/emacs/lisp/cli/run.el nil
* 0.115787:*:cli:load: autoload /home/emil2/.config/emacs/lisp/cli/make.el
* 0.115841:*:cli:load: ~/.config/emacs/lisp/cli/make.el nil
* 0.116032:*:cli:load: ~/.config/emacs/lisp/cli/make/completions nil
* 0.119423:*:cli:load: autoload /home/emil2/.config/emacs/lisp/cli/ci.el
* 0.119475:*:cli:load: ~/.config/emacs/lisp/cli/ci.el nil
* 0.126486:*:cli:load: autoload /home/emil2/.config/emacs/lisp/cli/info.el
* 0.126594:*:cli:load: ~/.config/emacs/lisp/cli/info.el nil
* 0.127496:*:cli:load: autoload /home/emil2/.config/emacs/lisp/cli/doctor.el
* 0.127585:*:cli:load: ~/.config/emacs/lisp/cli/doctor.el nil
* 0.130353:*:cli:load: autoload /home/emil2/.config/emacs/lisp/cli/compile.el
* 0.130407:*:cli:load: ~/.config/emacs/lisp/cli/compile.el nil
* 0.133289:*:cli:load: autoload /home/emil2/.config/emacs/lisp/cli/install.el
* 0.133345:*:cli:load: ~/.config/emacs/lisp/cli/install.el nil
* 0.133598:*:cli:load: ~/.config/emacs/lisp/cli/packages nil
* 0.142600:*:cli:load: autoload /home/emil2/.config/emacs/lisp/cli/env.el
* 0.142724:*:cli:load: ~/.config/emacs/lisp/cli/env.el nil
* 0.145474:*:cli:load: autoload /home/emil2/.config/emacs/lisp/cli/upgrade.el
* 0.145606:*:cli:load: ~/.config/emacs/lisp/cli/upgrade.el nil
* 0.145864:*:cli:load: ~/.config/emacs/lisp/cli/packages nil
* 0.153248:*:cli:load: ~/.config/emacs/lisp/cli/compile nil
* 0.157109:*:cli:load: autoload /home/emil2/.config/emacs/lisp/cli/profiles.el
* 0.157167:*:cli:load: ~/.config/emacs/lisp/cli/profiles.el nil
* 0.162848:*:cli:load: autoload /home/emil2/.config/emacs/lisp/cli/sync.el
* 0.162966:*:cli:load: ~/.config/emacs/lisp/cli/sync.el nil
* 0.163177:*:cli:load: ~/.config/emacs/lisp/cli/packages nil

Available commands:
  help         Show documentation for a Doom CLI command.

  Config Management:
    sync       Synchronize your config with Doom Emacs.
    profiles   Commands for maintaining your Doom Emacs configuration.
    upgrade    Updates Doom and packages.
    env […]    (Re)generates envvars file from your shell environment.
    build      Byte-compiles & symlinks installed packages.
    purge      Deletes orphaned packages & repos, and compacts them.
    install    Installs and sets up Doom Emacs for the first time.
    compile    Byte-compiles your config or selected modules.
    clean      Delete all *.elc files.

  Diagnostics:
    info       Print detailed information about your config for bug reports.
    version    Show installed versions of Doom, Doom modules, and Emacs.

  Development:
    ci […]     Commands that automate development processes.
    make […]   (Re)Generate project files and boilerplate.
    run        Launch Doom Emacs or an Emacs sandbox

See 'doom h[elp]' or 'doom {-?,--help}' for documentation.
* 0.192001:*:cli:Finished (GCs: 1, elapsed: 0.009680s)
* 0.192001:*:cli:Finished (GCs: 1, elapsed: 0.009680s)
