* 0.111246:*:cli:run!: doom sync
* 0.111377:*:cli:context-parse: found command (doom)
* 0.111758:*:cli:load: autoload /home/emil2/.config/emacs/lisp/cli/sync.el
* 0.111837:*:cli:load: ~/.config/emacs/lisp/cli/sync.el nil
* 0.112045:*:cli:load: ~/.config/emacs/lisp/cli/packages nil
* 0.121184:*:cli:context-parse: found command (doom sync)
* 0.121566:*:cli:context-execute: doom sync
* 0.122098:*:cli:execute: (:before) ((input) (context . #s(doom-cli-context (26108 8912 961924 215000) 40593 0 (102 . 23) nil nil doom nil nil (doom sync) nil (sync) ((--jobs) (-j) (-p) (-u) (-c) (-e) (--eval) (-E) (--strict-load) (--load) (-L) (--color) (--benchmark) (--profile) (--pager) (--emacsdir) (--doomdir) (--verbose) (-v) (--debug) (-D) (--force) (-!)) ((t) ((doom sync)) ((doom) sync))  *doom-cli stdin*  *doom-cli stdout*  *doom-cli stderr* nil)) (_) (evals) (loads) (color?) (bench?) (profile) (pager) (emacsdir) (doomdir) (verbose?) (debug?) (force?))
* 0.122169:*:cli:execute: (:before doom build) nil
* 0.122209:*:cli:Initializing straight
* 0.122265::context: +packages (cli t)
* 0.122310::context:module: =[0 -110 -110 :core nil nil nil]
* 0.182653:*:cli:Initializing recipes
* 0.191052:*:cli:Installing core packages
* 0.191117:*:cli:execute: (doom sync) ((jobs) (purge?) (update?) (noelc?) (noenvvar?))
* 0.191274:*:cli:call: (doom sync) -> (doom profiles sync --reload)
* 0.191382:*:cli:context-parse: found command (doom)
* 0.191668:*:cli:load: autoload /home/emil2/.config/emacs/lisp/cli/profiles.el
* 0.191724:*:cli:load: ~/.config/emacs/lisp/cli/profiles.el nil
* 0.196969:*:cli:context-parse: found command (doom profiles)
* 0.197294:*:cli:context-parse: found command (doom profiles sync)
* 0.197608:*:cli:context-parse: found switch "--reload"
* 0.198085:*:cli:context-execute: doom profiles sync
* 0.198479:*:cli:execute: (:before) ((input) (context . #s(doom-cli-context (26108 8912 961924 215000) 40593 0 (102 . 23) nil nil doom nil nil (doom profiles sync) nil (sync) ((--reload . --reload) (--jobs) (-j) (-p) (-u) (-c) (-e) (--eval) (-E) (--strict-load) (--load) (-L) (--color) (--benchmark) (--profile) (--pager) (--emacsdir) (--doomdir) (--verbose) (-v) (--debug) (-D) (--force) (-!)) ((t) ((doom profiles sync) --reload) ((doom profiles) sync --reload) ((doom) profiles sync --reload))  *doom-cli stdin*  *doom-cli stdout*  *doom-cli stderr* nil)) (_) (evals) (loads) (color?) (bench?) (profile) (pager) (emacsdir) (doomdir) (verbose?) (debug?) (force?))
* 0.198554:*:cli:execute: (doom profiles sync) ((reload? . --reload))
! No profile loader found. Generating one...
  > Regenerating it...
  > Synchronizing 1 known profile...
    - Added safe-mode
    ✓ Regenerated profile loader: ~/.config/emacs/profiles/load.el
> Synchronizing "default" profile...
  * 0.206087:*:cli:call: (doom profiles sync) -> (doom env)
  * 0.206223:*:cli:context-parse: found command (doom)
  * 0.206511:*:cli:load: autoload /home/emil2/.config/emacs/lisp/cli/env.el
  * 0.206562:*:cli:load: ~/.config/emacs/lisp/cli/env.el nil
  * 0.208963:*:cli:context-parse: found command (doom env)
  * 0.209318:*:cli:context-execute: doom env
  * 0.209682:*:cli:execute: (:before) ((input) (context . #s(doom-cli-context (26108 8912 961924 215000) 40593 0 (102 . 23) nil nil doom nil nil (doom env) nil (sync) ((--deny) (-d) (--allow) (-a) (-o) (--deny-all) (--allow-all) (--reload . --reload) (--jobs) (-j) (-p) (-u) (-c) (-e) (--eval) (-E) (--strict-load) (--load) (-L) (--color) (--benchmark) (--profile) (--pager) (--emacsdir) (--doomdir) (--verbose) (-v) (--debug) (-D) (--force) (-!)) ((t) ((doom env)) ((doom) env))  *doom-cli stdin*  *doom-cli stdout*  *doom-cli stderr* nil)) (_) (evals) (loads) (color?) (bench?) (profile) (pager) (emacsdir) (doomdir) (verbose?) (debug?) (force?))
  * 0.209817:*:cli:execute: (doom env) ((rules) (output-file) (deny-only) (allow-only))
  > Regenerating envvars file
    * 0.210509:*:cli:cli:env: deny DBUS_SESSION_BUS_ADDRESS
    * 0.210876:*:cli:cli:env: deny XDG_RUNTIME_DIR
    * 0.210968:*:cli:cli:env: deny XDG_VTNR
    * 0.211038:*:cli:cli:env: deny SHLVL
    * 0.211089:*:cli:cli:env: deny DISPLAY
    * 0.211245:*:cli:cli:env: deny USER
    * 0.211326:*:cli:cli:env: deny __DOOMPID
    * 0.211374:*:cli:cli:env: deny TERM
    * 0.211432:*:cli:cli:env: deny XDG_SESSION_CLASS
    * 0.211727:*:cli:cli:env: deny XDG_SEAT_PATH
    * 0.211899:*:cli:cli:env: deny WAYLAND_DISPLAY
    * 0.212013:*:cli:cli:env: deny XDG_CURRENT_DESKTOP
    * 0.212097:*:cli:cli:env: deny __DOOMGPIPE
    * 0.212202:*:cli:cli:env: deny HOME
    * 0.212284:*:cli:cli:env: deny XAUTHORITY
    * 0.212387:*:cli:cli:env: deny XDG_SESSION_TYPE
    * 0.212488:*:cli:cli:env: deny PWD
    * 0.212537:*:cli:cli:env: deny XDG_SEAT
    * 0.212658:*:cli:cli:env: deny __DOOMSTEP
    * 0.212797:*:cli:cli:env: deny __DOOMGEOM
    * 0.213027:*:cli:cli:env: deny SSH_AUTH_SOCK
    * 0.213087:*:cli:cli:env: deny __DOOMPIPE
    ✓ Generated ~/.config/emacs/.local/env
  * 0.214618:*:cli:Initializing package.el
  * 0.251535:*:cli:Initializing straight.el
  * 0.251801::context: +packages (cli t)
  * 0.251842::context:module: =[1 105 -105 :user nil nil nil]
  * 0.252174::context:module: =[2 -111 -111 :config use-package nil nil]
  * 0.252871::context:module: =[0 -110 -110 :core nil nil nil]
  * 0.260420::context:module: =[1 105 -105 :user nil nil nil]
  * 0.260682::context:module: =[3 0 0 :completion company nil nil]
  * 0.262137::context:module: =[4 0 0 :completion vertico nil nil]
  * 0.265802::context:module: =[5 0 0 :ui doom nil nil]
  * 0.266895::context:module: =[6 0 0 :ui doom-dashboard nil nil]
  * 0.266958::context:module: =[7 0 0 :ui hl-todo nil nil]
  * 0.267703::context:module: =[8 0 0 :ui modeline nil nil]
  * 0.269296::context:module: =[9 0 0 :ui ophints nil nil]
  * 0.270387::context:module: =[10 0 0 :ui popup (+defaults) nil]
  * 0.270590::context:module: =[11 0 0 :ui vc-gutter (+pretty) nil]
  * 0.271841::context:module: =[12 0 0 :ui vi-tilde-fringe nil nil]
  * 0.272414::context:module: =[13 0 0 :ui workspaces nil nil]
  * 0.273007::context:module: =[14 0 0 :editor evil (+everywhere) nil]
  * 0.278240::context:module: =[15 0 0 :editor file-templates nil nil]
  * 0.278859::context:module: =[16 0 0 :editor fold nil nil]
  * 0.280200::context:module: =[17 0 0 :editor snippets nil nil]
  * 0.281380::context:module: =[18 0 0 :emacs dired nil nil]
  * 0.283237::context:module: =[19 0 0 :emacs electric nil nil]
  * 0.283298::context:module: =[20 0 0 :emacs undo nil nil]
  * 0.284512::context:module: =[21 0 0 :emacs vc nil nil]
  * 0.287079::context:module: =[22 0 0 :checkers syntax nil nil]
  * 0.288665::context:module: =[23 0 0 :tools eval (+overlay) nil]
  * 0.289558::context:module: =[24 0 0 :tools lookup nil nil]
  * 0.292391::context:module: =[25 0 0 :tools magit nil nil]
  * 0.293791::context:module: =[26 0 0 :lang emacs-lisp nil nil]
  * 0.296813::context:module: =[27 0 0 :lang markdown nil nil]
  * 0.298564::context:module: =[28 0 0 :lang org nil nil]
  * 0.308647::context:module: =[29 0 0 :lang sh nil nil]
  * 0.309750::context:module: =[30 0 0 :config default (+bindings +smartparens) nil]
  * 0.311276::context:module: =[1 105 -105 :user nil nil nil]
  > Installing packages...
    - No packages need to be installed
  > (Re)building packages...
    - No packages need rebuilding
  > Purging orphaned packages (for the emperor)...
    - Skipping builds
    - Skipping elpa packages
    - Skipping repos
    - Skipping regrafting
    - Skipping native bytecode
  > (Re)building profile in /home/emil2/.config/emacs/.local/etc/@/...
    > Deleting old init files...
    > Generating 4 init files...
    > Byte-compiling ~/.config/emacs/.local/etc/@init.29.el...
    ✓ Built init.29.elc
  - Restart Emacs or use 'M-x doom/reload' for changes to take effect
* 1.537678:*:cli:Finished (GCs: 1, elapsed: 0.009160s)
* 1.537678:*:cli:Finished (GCs: 1, elapsed: 0.009160s)
