* 0.138932:*:cli:run!: doom 
* 0.139063:*:cli:context-parse: found command (doom)
* 0.139404:*:cli:context-execute: doom
Error: a subcommand is required
* 0.140046:*:cli:call: (doom) -> (:help --subcommands --postamble)
* 0.140188:*:cli:context-parse: found command (:help)
* 0.140454:*:cli:context-parse: found switch "--subcommands"
* 0.140805:*:cli:context-parse: found switch "--postamble"
* 0.141138:*:cli:context-execute: :help
* 0.141452:*:cli:execute: (:before) ((input) (context . #s(doom-cli-context (26108 8905 966042 773000) 40570 0 (102 . 23) nil nil doom nil (doom-cli-command-not-found-error doom) (:help) nil nil ((--postamble) (--envvars) (--similar) (--subcommands) (--synopsis --subcommands --postamble) (--commands) (--manpage) (--no-global) (-g) (--eval) (-E) (--strict-load) (--load) (-L) (--color) (--benchmark) (--profile) (--pager) (--emacsdir) (--doomdir) (--verbose) (-v) (--debug) (-D) (--force) (-!)) ((t) (nil --subcommands --postamble))  *doom-cli stdin*  *doom-cli stdout*  *doom-cli stderr* nil)) (_) (evals) (loads) (color?) (bench?) (profile) (pager) (emacsdir) (doomdir) (verbose?) (debug?) (force?))
* 0.141537:*:cli:execute: (:help) ((context . #s(doom-cli-context (26108 8905 966042 773000) 40570 0 (102 . 23) nil nil doom nil (doom-cli-command-not-found-error doom) (:help) nil nil ((--postamble) (--envvars) (--similar) (--subcommands) (--synopsis --subcommands --postamble) (--commands) (--manpage) (--no-global) (-g) (--eval) (-E) (--strict-load) (--load) (-L) (--color) (--benchmark) (--profile) (--pager) (--emacsdir) (--doomdir) (--verbose) (-v) (--debug) (-D) (--force) (-!)) ((t) (nil --subcommands --postamble))  *doom-cli stdin*  *doom-cli stdout*  *doom-cli stderr* nil)) (command) (sections --subcommands --postamble) (commands?) (manpage?) (localonly?))
* 0.141671:*:cli:load: autoload /home/emil2/.config/emacs/lisp/cli/run.el
* 0.141740:*:cli:load: ~/.config/emacs/lisp/cli/run.el nil
* 0.143067:*:cli:load: autoload /home/emil2/.config/emacs/lisp/cli/make.el
* 0.143120:*:cli:load: ~/.config/emacs/lisp/cli/make.el nil
* 0.143436:*:cli:load: ~/.config/emacs/lisp/cli/make/completions nil
* 0.147082:*:cli:load: autoload /home/emil2/.config/emacs/lisp/cli/ci.el
* 0.147134:*:cli:load: ~/.config/emacs/lisp/cli/ci.el nil
* 0.154419:*:cli:load: autoload /home/emil2/.config/emacs/lisp/cli/info.el
* 0.154496:*:cli:load: ~/.config/emacs/lisp/cli/info.el nil
* 0.155537:*:cli:load: autoload /home/emil2/.config/emacs/lisp/cli/doctor.el
* 0.155596:*:cli:load: ~/.config/emacs/lisp/cli/doctor.el nil
* 0.158842:*:cli:load: autoload /home/emil2/.config/emacs/lisp/cli/compile.el
* 0.158898:*:cli:load: ~/.config/emacs/lisp/cli/compile.el nil
* 0.161826:*:cli:load: autoload /home/emil2/.config/emacs/lisp/cli/install.el
* 0.161880:*:cli:load: ~/.config/emacs/lisp/cli/install.el nil
* 0.162203:*:cli:load: ~/.config/emacs/lisp/cli/packages nil
* 0.171711:*:cli:load: autoload /home/emil2/.config/emacs/lisp/cli/env.el
* 0.171778:*:cli:load: ~/.config/emacs/lisp/cli/env.el nil
* 0.174087:*:cli:load: autoload /home/emil2/.config/emacs/lisp/cli/upgrade.el
* 0.174148:*:cli:load: ~/.config/emacs/lisp/cli/upgrade.el nil
* 0.174508:*:cli:load: ~/.config/emacs/lisp/cli/packages nil
* 0.181810:*:cli:load: ~/.config/emacs/lisp/cli/compile nil
* 0.186128:*:cli:load: autoload /home/emil2/.config/emacs/lisp/cli/profiles.el
* 0.186215:*:cli:load: ~/.config/emacs/lisp/cli/profiles.el nil
* 0.191492:*:cli:load: autoload /home/emil2/.config/emacs/lisp/cli/sync.el
* 0.191560:*:cli:load: ~/.config/emacs/lisp/cli/sync.el nil
* 0.191911:*:cli:load: ~/.config/emacs/lisp/cli/packages nil

Available commands:
  help         Show documentation for a Doom CLI command.

  Config Management:
    sync       Synchronize your config with Doom Emacs.
    profiles   Commands for maintaining your Doom Emacs configuration.
    upgrade    Updates Doom and packages.
    env […]    (Re)generates envvars file from your shell environment.
    build      Byte-compiles & symlinks installed packages.
    purge      Deletes orphaned packages & repos, and compacts them.
    install    Installs and sets up Doom Emacs for the first time.
    compile    Byte-compiles your config or selected modules.
    clean      Delete all *.elc files.

  Diagnostics:
    info       Print detailed information about your config for bug reports.
    version    Show installed versions of Doom, Doom modules, and Emacs.

  Development:
    ci […]     Commands that automate development processes.
    make […]   (Re)Generate project files and boilerplate.
    run        Launch Doom Emacs or an Emacs sandbox

See 'doom h[elp]' or 'doom {-?,--help}' for documentation.
* 0.220747:*:cli:Finished (GCs: 1, elapsed: 0.009314s)
* 0.220747:*:cli:Finished (GCs: 1, elapsed: 0.009314s)
